0 info it worked if it ends with ok
1 verbose cli [ 'c:\\program files (x86)\\nodejs\\node.exe',
1 verbose cli   'c:\\program files (x86)\\nodejs\\node_modules\\npm\\bin\\npm-cli.js',
1 verbose cli   'install',
1 verbose cli   '-g',
1 verbose cli   'n' ]
2 info using npm@1.4.14
3 info using node@v0.10.29
4 verbose cache add [ 'n', null ]
5 verbose cache add name=undefined spec="n" args=["n",null]
6 verbose parsed url { protocol: null,
6 verbose parsed url   slashes: null,
6 verbose parsed url   auth: null,
6 verbose parsed url   host: null,
6 verbose parsed url   port: null,
6 verbose parsed url   hostname: null,
6 verbose parsed url   hash: null,
6 verbose parsed url   search: null,
6 verbose parsed url   query: null,
6 verbose parsed url   pathname: 'n',
6 verbose parsed url   path: 'n',
6 verbose parsed url   href: 'n' }
7 silly lockFile d1854cae-n n
8 verbose lock n C:\Users\CatsPC\AppData\Roaming\npm-cache\d1854cae-n.lock
9 silly lockFile d1854cae-n n
10 silly lockFile d1854cae-n n
11 verbose addNamed [ 'n', '' ]
12 verbose addNamed [ null, '*' ]
13 silly lockFile 6b58d7dc-n n@
14 verbose lock n@ C:\Users\CatsPC\AppData\Roaming\npm-cache\6b58d7dc-n.lock
15 silly addNameRange { name: 'n', range: '*', hasData: false }
16 verbose url raw n
17 verbose url resolving [ 'https://registry.npmjs.org/', './n' ]
18 verbose url resolved https://registry.npmjs.org/n
19 info trying registry request attempt 1 at 21:31:24
20 http GET https://registry.npmjs.org/n
21 http 200 https://registry.npmjs.org/n
22 silly registry.get cb [ 200,
22 silly registry.get   { server: 'CouchDB/1.5.0 (Erlang OTP/R16B03)',
22 silly registry.get     etag: '"6JUQ1GJIWTY39HDCTH4MWOYYG"',
22 silly registry.get     'content-type': 'application/json',
22 silly registry.get     'cache-control': 'max-age=60',
22 silly registry.get     'content-length': '52349',
22 silly registry.get     'accept-ranges': 'bytes',
22 silly registry.get     date: 'Mon, 07 Dec 2015 20:31:26 GMT',
22 silly registry.get     via: '1.1 varnish',
22 silly registry.get     age: '0',
22 silly registry.get     connection: 'keep-alive',
22 silly registry.get     'x-served-by': 'cache-ams4127-AMS',
22 silly registry.get     'x-cache': 'HIT',
22 silly registry.get     'x-cache-hits': '1',
22 silly registry.get     'x-timer': 'S1449520286.406976,VS0,VE98',
22 silly registry.get     vary: 'Accept' } ]
23 silly addNameRange number 2 { name: 'n', range: '*', hasData: true }
24 silly addNameRange versions [ 'n',
24 silly addNameRange   [ '0.0.1',
24 silly addNameRange     '0.0.2',
24 silly addNameRange     '0.0.3',
24 silly addNameRange     '0.0.4',
24 silly addNameRange     '0.1.0',
24 silly addNameRange     '0.1.1',
24 silly addNameRange     '0.1.2',
24 silly addNameRange     '0.2.0',
24 silly addNameRange     '0.2.1',
24 silly addNameRange     '0.2.2',
24 silly addNameRange     '0.3.0',
24 silly addNameRange     '0.4.0',
24 silly addNameRange     '0.4.1',
24 silly addNameRange     '0.4.2',
24 silly addNameRange     '0.5.0',
24 silly addNameRange     '0.5.1',
24 silly addNameRange     '0.5.2',
24 silly addNameRange     '0.5.3',
24 silly addNameRange     '0.5.4',
24 silly addNameRange     '0.6.0',
24 silly addNameRange     '0.6.1',
24 silly addNameRange     '0.7.0',
24 silly addNameRange     '0.7.1',
24 silly addNameRange     '0.7.2',
24 silly addNameRange     '0.7.3',
24 silly addNameRange     '0.8.0',
24 silly addNameRange     '0.8.1',
24 silly addNameRange     '0.8.2',
24 silly addNameRange     '0.9.0',
24 silly addNameRange     '0.9.1',
24 silly addNameRange     '0.9.2',
24 silly addNameRange     '0.9.3',
24 silly addNameRange     '1.0.0',
24 silly addNameRange     '1.1.0',
24 silly addNameRange     '1.2.1',
24 silly addNameRange     '1.2.2',
24 silly addNameRange     '1.2.3',
24 silly addNameRange     '1.2.4',
24 silly addNameRange     '1.2.5',
24 silly addNameRange     '1.2.6',
24 silly addNameRange     '1.2.7',
24 silly addNameRange     '1.2.8',
24 silly addNameRange     '1.2.9',
24 silly addNameRange     '1.2.11',
24 silly addNameRange     '1.2.13',
24 silly addNameRange     '1.2.14',
24 silly addNameRange     '1.3.0',
24 silly addNameRange     '1.4.0',
24 silly addNameRange     '2.0.0',
24 silly addNameRange     '1.4.1',
24 silly addNameRange     '2.0.1',
24 silly addNameRange     '1.4.2',
24 silly addNameRange     '2.0.2' ] ]
25 verbose addNamed [ 'n', '2.0.2' ]
26 verbose addNamed [ '2.0.2', '2.0.2' ]
27 silly lockFile ed42822e-n-2-0-2 n@2.0.2
28 verbose lock n@2.0.2 C:\Users\CatsPC\AppData\Roaming\npm-cache\ed42822e-n-2-0-2.lock
29 silly lockFile 3690f7ba-registry-npmjs-org-n-n-2-0-2-tgz https://registry.npmjs.org/n/-/n-2.0.2.tgz
30 verbose lock https://registry.npmjs.org/n/-/n-2.0.2.tgz C:\Users\CatsPC\AppData\Roaming\npm-cache\3690f7ba-registry-npmjs-org-n-n-2-0-2-tgz.lock
31 verbose addRemoteTarball [ 'https://registry.npmjs.org/n/-/n-2.0.2.tgz',
31 verbose addRemoteTarball   '1d132d1e33c8687bae54313792626e7878bd5f57' ]
32 info retry fetch attempt 1 at 21:31:25
33 verbose fetch to= C:\Users\CatsPC\AppData\Local\Temp\npm-54872-5ZZg6AgH\registry.npmjs.org\n\-\n-2.0.2.tgz
34 http GET https://registry.npmjs.org/n/-/n-2.0.2.tgz
35 http 200 https://registry.npmjs.org/n/-/n-2.0.2.tgz
36 silly lockFile 3690f7ba-registry-npmjs-org-n-n-2-0-2-tgz https://registry.npmjs.org/n/-/n-2.0.2.tgz
37 silly lockFile 3690f7ba-registry-npmjs-org-n-n-2-0-2-tgz https://registry.npmjs.org/n/-/n-2.0.2.tgz
38 silly lockFile ed42822e-n-2-0-2 n@2.0.2
39 silly lockFile ed42822e-n-2-0-2 n@2.0.2
40 silly lockFile 6b58d7dc-n n@
41 silly lockFile 6b58d7dc-n n@
42 silly resolved [ { name: 'n',
42 silly resolved     description: 'node version manager',
42 silly resolved     version: '2.0.2',
42 silly resolved     author: { name: 'TJ Holowaychuk', email: 'tj@vision-media.ca' },
42 silly resolved     homepage: 'https://github.com/tj/n',
42 silly resolved     bugs: { url: 'https://github.com/tj/n/issues' },
42 silly resolved     contributors: [ [Object] ],
42 silly resolved     keywords:
42 silly resolved      [ 'nvm',
42 silly resolved        'node',
42 silly resolved        'version',
42 silly resolved        'manager',
42 silly resolved        'switcher',
42 silly resolved        'node',
42 silly resolved        'binary',
42 silly resolved        'env' ],
42 silly resolved     bin: { n: './bin/n' },
42 silly resolved     repository: { type: 'git', url: 'git://github.com/tj/n.git' },
42 silly resolved     preferGlobal: true,
42 silly resolved     os: [ '!win32' ],
42 silly resolved     engines: { node: '*' },
42 silly resolved     license: 'MIT',
42 silly resolved     gitHead: '7831e76a57429afc6341a583febb99469db4d1dc',
42 silly resolved     _id: 'n@2.0.2',
42 silly resolved     scripts: {},
42 silly resolved     _shasum: '1d132d1e33c8687bae54313792626e7878bd5f57',
42 silly resolved     _from: 'n@',
42 silly resolved     _npmVersion: '2.13.4',
42 silly resolved     _nodeVersion: '0.12.7',
42 silly resolved     _npmUser: { name: 'maxrimue', email: 'max.rittmueller@gmail.com' },
42 silly resolved     dist:
42 silly resolved      { shasum: '1d132d1e33c8687bae54313792626e7878bd5f57',
42 silly resolved        tarball: 'http://registry.npmjs.org/n/-/n-2.0.2.tgz' },
42 silly resolved     maintainers:
42 silly resolved      [ [Object],
42 silly resolved        [Object],
42 silly resolved        [Object],
42 silly resolved        [Object],
42 silly resolved        [Object],
42 silly resolved        [Object],
42 silly resolved        [Object] ],
42 silly resolved     directories: {},
42 silly resolved     _resolved: 'https://registry.npmjs.org/n/-/n-2.0.2.tgz' } ]
43 info install n@2.0.2 into C:\Users\CatsPC\AppData\Roaming\npm
44 info installOne n@2.0.2
45 error notsup Unsupported
45 error notsup Not compatible with your operating system or architecture: n@2.0.2
45 error notsup Valid OS:    !win32
45 error notsup Valid Arch:  any
45 error notsup Actual OS:   win32
45 error notsup Actual Arch: ia32
46 error System Windows_NT 6.2.9200
47 error command "c:\\program files (x86)\\nodejs\\node.exe" "c:\\program files (x86)\\nodejs\\node_modules\\npm\\bin\\npm-cli.js" "install" "-g" "n"
48 error cwd C:\Users\CatsPC\Desktop\NPM\swig-minifier
49 error node -v v0.10.29
50 error npm -v 1.4.14
51 error code EBADPLATFORM
52 verbose exit [ 1, true ]
